
> filemint@0.1.0 build
> next build --webpack

??? Next.js 16.1.1 (webpack)
- Environments: .env
- Experiments (use with caution):
  ?? serverActions

??? The "middleware" file convention is deprecated. Please use "proxy" instead. Learn more: https://nextjs.org/docs/messages/middleware-to-proxy
  Creating an optimized production build ...
Failed to compile.
System.Management.Automation.RemoteException
./src/app/mergepdf/page.tsx
Module parse failed: Identifier 'handleDownload' has already been declared (382:10)
File was processed with these loaders:
 * ./node_modules/next/dist/build/webpack/loaders/next-flight-client-module-loader.js
 * ./node_modules/next/dist/build/webpack/loaders/next-swc-loader.js
You may need an additional loader to handle the result of these loaders.
|         }
|     };
>     const handleDownload = ()=>{
|         if (mergedFileBlob) {
|             const url = window.URL.createObjectURL(mergedFileBlob);
System.Management.Automation.RemoteException
Import trace for requested module:
./src/app/mergepdf/page.tsx
System.Management.Automation.RemoteException
System.Management.Automation.RemoteException
> Build failed because of webpack errors
