
> filemint@0.1.0 build
> next build --webpack

??? Next.js 16.1.1 (webpack)
- Environments: .env
- Experiments (use with caution):
  ?? serverActions

node.exe : ??? The 
"middleware" file 
convention is deprecated. 
Please use "proxy" instead. 
Learn more: https://nextjs.o
rg/docs/messages/middleware-
to-proxy
At line:1 char:1
+ & "C:\Program 
Files\nodejs/node.exe" "C:\U
sers\harsh\AppData\Roaming\ 
...
+ ~~~~~~~~~~~~~~~~~~~~~~~~~~
~~~~~~~~~~~~~~~~~~~~~~~~~~~~
~~~~~~~~~~~~~~~
    + CategoryInfo          
    : NotSpecified: (??? T  
  he "middle...leware-to-   
 proxy:String) [], Remot    
eException
    + FullyQualifiedErrorId 
    : NativeCommandError
 
  Creating an optimized production build ...
Found 1 warning while 
optimizing generated CSS:

[2m???   }[22m
[2m??? }[22m
[2m???[22m @import url('ht
tps://fonts.googleapis.com/c
ss2?family=Dancing+Script:wg
ht@400;700&family=Great+Vibe
s&family=Pacifico&family=Sac
ramento&display=swap');
[2m???[22m        
[33m[2m^--[22m @import 
rules must precede all 
rules aside from @charset 
and @layer statements[39m
[2m???[22m
[2m??? * {[22m
[2m???   box-sizing: 
border-box;[22m

??? Compiled successfully in 73s
  Skipping validation of types
  Collecting page data using 7 workers ...
  Generating static pages using 7 workers (0/100) ...
  Generating static pages using 7 workers (25/100) 
  Generating static pages using 7 workers (50/100) 
  Generating static pages using 7 workers (75/100) 
??? Generating static pages using 7 workers (100/100) in 5.7s
  Finalizing page optimization ...
  Collecting build traces ...

Route (app)
??? ??? /
??? ??? /_not-found
??? ??? /about
??? ??? /admin
??? ??? /all
??? ?? /api/analytics/clicks
??? ?? /api/analytics/dashboard
??? ?? /api/auth/check-admin
??? ?? /api/auth/delete-user
??? ?? /api/auth/github-login
??? ?? /api/auth/google-login
??? ?? /api/auth/login
??? ?? /api/auth/oauth-callback
??? ?? /api/auth/oauth-login
??? ?? /api/auth/send-verification
??? ?? /api/auth/set-password
??? ?? /api/auth/signup
??? ?? /api/auth/verify-email
??? ?? /api/batch/wordtopdf
??? ?? /api/cleanup
??? ?? /api/comparepdf
??? ?? /api/compresspdf
??? ?? /api/exceltopdf
??? ?? /api/health
??? ?? /api/htmltopdf
??? ?? /api/jpgtopdf
??? ?? /api/merge
??? ?? /api/payment/create-order
??? ?? /api/payment/verify
??? ?? /api/pdf-tools
??? ?? /api/pdftoepub
??? ?? /api/pdftoexcel
??? ?? /api/pdftohtml
??? ?? /api/pdftojpg
??? ?? /api/pdftomarkdown
??? ?? /api/pdftopng
??? ?? /api/pdftoppt
??? ?? /api/pdftotext
??? ?? /api/pdftoword
??? ?? /api/pdftoxml
??? ?? /api/pngtopdf
??? ?? /api/ppttopdf
??? ?? /api/subscription/cancel
??? ?? /api/subscription/status
??? ?? /api/tifftopdf
??? ?? /api/tools
??? ?? /api/tools/[id]
??? ?? /api/track/click
??? ?? /api/upload-temp
??? ?? /api/user/profile
??? ?? /api/wordtopdf
??? ??? /auth/login
??? ??? /batch
??? ??? /batch/wordtopdf
??? ??? /blogs
??? ?? /blogs/[slug]
??? ??? /comparepdf
??? ??? /compresspdf
??? ??? /delete-user
??? ??? /deletepdfpages
??? ??? /editpdf
??? ??? /esignpdf
??? ??? /exceltopdf
??? ??? /faq
??? ??? /htmltopdf
??? ??? /integrate
??? ??? /jpgtopdf
??? ??? /login
??? ??? /mergepdf
??? ??? /ocr
??? ??? /optimizepdf
??? ??? /pdftoepub
??? ??? /pdftoexcel
??? ??? /pdftohtml
??? ??? /pdftojpg
??? ??? /pdftomarkdown
??? ??? /pdftopng
??? ??? /pdftoppt
??? ??? /pdftotext
??? ??? /pdftoword
??? ??? /pdftoxml
??? ??? /pngtopdf
??? ??? /ppttopdf
??? ??? /pricing
??? ??? /privacy-policy
??? ??? /profile
??? ??? /quiz
??? ??? /reorderpdf
??? ??? /rotatepdf
??? ??? /scantopdf
??? ??? /set-password
??? ??? /settings
??? ?? /shared/[filename]
??? ??? /signup
??? ??? /splitpdf
??? ??? /summarizer
??? ??? /terms
??? ??? /tifftopdf
??? ??? /translate
??? ??? /verify-email
??? ??? /watermark
??? ??? /wordtopdf


?? Proxy (Middleware)

???  (Static)   prerendered as static content
??  (Dynamic)  server-rendered on demand

